GowinSynthesis start
Running parser ...
Analyzing Verilog file 'D:\Gowin_V1.9.9Beta-5_win\Gowin_V1.9.9Beta-5\IDE\ipcore\SERDES_IP\IPlib\CUSTOMIZED\data\customized_phy_wrapper.v'
Analyzing included file 'D:\Gowin_V1.9.9Beta-5_win\Gowin_V1.9.9Beta-5\IDE\ipcore\SERDES_IP\IPlib\CUSTOMIZED\data\static_macro_define.vh'("D:\Gowin_V1.9.9Beta-5_win\Gowin_V1.9.9Beta-5\IDE\ipcore\SERDES_IP\IPlib\CUSTOMIZED\data\customized_phy_wrapper.v":2)
Back to file 'D:\Gowin_V1.9.9Beta-5_win\Gowin_V1.9.9Beta-5\IDE\ipcore\SERDES_IP\IPlib\CUSTOMIZED\data\customized_phy_wrapper.v'("D:\Gowin_V1.9.9Beta-5_win\Gowin_V1.9.9Beta-5\IDE\ipcore\SERDES_IP\IPlib\CUSTOMIZED\data\customized_phy_wrapper.v":2)
Analyzing included file 'define.vh'("D:\Gowin_V1.9.9Beta-5_win\Gowin_V1.9.9Beta-5\IDE\ipcore\SERDES_IP\IPlib\CUSTOMIZED\data\customized_phy_wrapper.v":3)
Back to file 'D:\Gowin_V1.9.9Beta-5_win\Gowin_V1.9.9Beta-5\IDE\ipcore\SERDES_IP\IPlib\CUSTOMIZED\data\customized_phy_wrapper.v'("D:\Gowin_V1.9.9Beta-5_win\Gowin_V1.9.9Beta-5\IDE\ipcore\SERDES_IP\IPlib\CUSTOMIZED\data\customized_phy_wrapper.v":3)
Analyzing Verilog file 'D:\Gowin_V1.9.9Beta-5_win\Gowin_V1.9.9Beta-5\IDE\ipcore\SERDES_IP\IPlib\CUSTOMIZED\data\customized_phy.v'
Analyzing included file 'define.vh'("D:\Gowin_V1.9.9Beta-5_win\Gowin_V1.9.9Beta-5\IDE\ipcore\SERDES_IP\IPlib\CUSTOMIZED\data\customized_phy.v":839)
Back to file 'D:\Gowin_V1.9.9Beta-5_win\Gowin_V1.9.9Beta-5\IDE\ipcore\SERDES_IP\IPlib\CUSTOMIZED\data\customized_phy.v'("D:\Gowin_V1.9.9Beta-5_win\Gowin_V1.9.9Beta-5\IDE\ipcore\SERDES_IP\IPlib\CUSTOMIZED\data\customized_phy.v":839)
Analyzing included file 'D:\Gowin_V1.9.9Beta-5_win\Gowin_V1.9.9Beta-5\IDE\ipcore\SERDES_IP\IPlib\CUSTOMIZED\data\static_macro_define.vh'("D:\Gowin_V1.9.9Beta-5_win\Gowin_V1.9.9Beta-5\IDE\ipcore\SERDES_IP\IPlib\CUSTOMIZED\data\customized_phy.v":839)
Back to file 'D:\Gowin_V1.9.9Beta-5_win\Gowin_V1.9.9Beta-5\IDE\ipcore\SERDES_IP\IPlib\CUSTOMIZED\data\customized_phy.v'("D:\Gowin_V1.9.9Beta-5_win\Gowin_V1.9.9Beta-5\IDE\ipcore\SERDES_IP\IPlib\CUSTOMIZED\data\customized_phy.v":839)
Analyzing included file 'param.v'("D:\Gowin_V1.9.9Beta-5_win\Gowin_V1.9.9Beta-5\IDE\ipcore\SERDES_IP\IPlib\CUSTOMIZED\data\customized_phy.v":839)
Back to file 'D:\Gowin_V1.9.9Beta-5_win\Gowin_V1.9.9Beta-5\IDE\ipcore\SERDES_IP\IPlib\CUSTOMIZED\data\customized_phy.v'("D:\Gowin_V1.9.9Beta-5_win\Gowin_V1.9.9Beta-5\IDE\ipcore\SERDES_IP\IPlib\CUSTOMIZED\data\customized_phy.v":839)
Compiling module 'Customized_PHY_Top'("D:\Gowin_V1.9.9Beta-5_win\Gowin_V1.9.9Beta-5\IDE\ipcore\SERDES_IP\IPlib\CUSTOMIZED\data\customized_phy_wrapper.v":5)
Compiling module '**'("D:\Gowin_V1.9.9Beta-5_win\Gowin_V1.9.9Beta-5\IDE\ipcore\SERDES_IP\IPlib\CUSTOMIZED\data\customized_phy.v":0)
NOTE  (EX0101) : Current top module is "Customized_PHY_Top"
[5%] Running netlist conversion ...
WARN  (CV0020) : Input Q0_FABRIC_LN0_ASTAT_O[4:0] is unused("D:\Gowin_V1.9.9Beta-5_win\Gowin_V1.9.9Beta-5\IDE\ipcore\SERDES_IP\IPlib\CUSTOMIZED\data\customized_phy_wrapper.v":29)
WARN  (CV0016) : Input Q0_LANE0_ALIGN_LINK is unused("D:\Gowin_V1.9.9Beta-5_win\Gowin_V1.9.9Beta-5\IDE\ipcore\SERDES_IP\IPlib\CUSTOMIZED\data\customized_phy_wrapper.v":31)
WARN  (CV0016) : Input Q0_LANE0_K_LOCK is unused("D:\Gowin_V1.9.9Beta-5_win\Gowin_V1.9.9Beta-5\IDE\ipcore\SERDES_IP\IPlib\CUSTOMIZED\data\customized_phy_wrapper.v":32)
WARN  (CV0016) : Input Q0_FABRIC_CMU_CK_REF_O is unused("D:\Gowin_V1.9.9Beta-5_win\Gowin_V1.9.9Beta-5\IDE\ipcore\SERDES_IP\IPlib\CUSTOMIZED\data\customized_phy_wrapper.v":487)
WARN  (CV0016) : Input Q0_FABRIC_CMU1_CK_REF_O is unused("D:\Gowin_V1.9.9Beta-5_win\Gowin_V1.9.9Beta-5\IDE\ipcore\SERDES_IP\IPlib\CUSTOMIZED\data\customized_phy_wrapper.v":488)
WARN  (CV0016) : Input Q0_FABRIC_CMU1_OK_O is unused("D:\Gowin_V1.9.9Beta-5_win\Gowin_V1.9.9Beta-5\IDE\ipcore\SERDES_IP\IPlib\CUSTOMIZED\data\customized_phy_wrapper.v":489)
WARN  (CV0016) : Input Q0_FABRIC_CMU_OK_O is unused("D:\Gowin_V1.9.9Beta-5_win\Gowin_V1.9.9Beta-5\IDE\ipcore\SERDES_IP\IPlib\CUSTOMIZED\data\customized_phy_wrapper.v":490)
WARN  (CV0016) : Input Q1_FABRIC_CMU_CK_REF_O is unused("D:\Gowin_V1.9.9Beta-5_win\Gowin_V1.9.9Beta-5\IDE\ipcore\SERDES_IP\IPlib\CUSTOMIZED\data\customized_phy_wrapper.v":491)
WARN  (CV0016) : Input Q1_FABRIC_CMU1_CK_REF_O is unused("D:\Gowin_V1.9.9Beta-5_win\Gowin_V1.9.9Beta-5\IDE\ipcore\SERDES_IP\IPlib\CUSTOMIZED\data\customized_phy_wrapper.v":492)
WARN  (CV0016) : Input Q1_FABRIC_CMU1_OK_O is unused("D:\Gowin_V1.9.9Beta-5_win\Gowin_V1.9.9Beta-5\IDE\ipcore\SERDES_IP\IPlib\CUSTOMIZED\data\customized_phy_wrapper.v":493)
WARN  (CV0016) : Input Q1_FABRIC_CMU_OK_O is unused("D:\Gowin_V1.9.9Beta-5_win\Gowin_V1.9.9Beta-5\IDE\ipcore\SERDES_IP\IPlib\CUSTOMIZED\data\customized_phy_wrapper.v":494)
Running device independent optimization ...
[10%] Optimizing Phase 0 completed
[15%] Optimizing Phase 1 completed
[25%] Optimizing Phase 2 completed
Running inference ...
[30%] Inferring Phase 0 completed
[40%] Inferring Phase 1 completed
[50%] Inferring Phase 2 completed
[55%] Inferring Phase 3 completed
Running technical mapping ...
[60%] Tech-Mapping Phase 0 completed
[65%] Tech-Mapping Phase 1 completed
[75%] Tech-Mapping Phase 2 completed
[80%] Tech-Mapping Phase 3 completed
[90%] Tech-Mapping Phase 4 completed
WARN  (NL0002) : The module "~customized_phy_top.Customized_PHY_Top" instantiated to "customized_phy_top" is swept in optimizing("D:\Gowin_V1.9.9Beta-5_win\Gowin_V1.9.9Beta-5\IDE\ipcore\SERDES_IP\IPlib\CUSTOMIZED\data\customized_phy_wrapper.v":988)
[95%] Generate netlist file "C:\Users\MuZhi\Desktop\zynq\138k\project\HDMI\src\serdes\customized_phy\temp\CUSTOMIZED\customized_phy.vg" completed
Generate template file "C:\Users\MuZhi\Desktop\zynq\138k\project\HDMI\src\serdes\customized_phy\temp\CUSTOMIZED\customized_phy_tmp.v" completed
[100%] Generate report file "C:\Users\MuZhi\Desktop\zynq\138k\project\HDMI\src\serdes\customized_phy\temp\CUSTOMIZED\customized_phy_syn.rpt.html" completed
GowinSynthesis finish
